INFO:deepjoke_lstm:VALIDATION_SPLIT = 0.2     MAX_SEQUENCE_LENGTH = 300     MAX_NB_WORDS = 20000     EMBEDDING_DIM = 100     LSTM_SIZE = 128     BATCH_SIZE = 32     EPOCHS = 5     MAX_NB_EXAMPLES = None     TRAIN_SCORE_THRESHOLD = 5     NB_SHARDS = 10
INFO:deepjoke_lstm:Read in 194553 jokes.
INFO:deepjoke_lstm:Read in 194553 scores.
INFO:deepjoke_lstm:Found 56370 unique tokens.
INFO:deepjoke_lstm:Shape of data tensor: (82914, 300)
INFO:deepjoke_lstm:Shape of language model label tensor: (82914, 300, 1)
INFO:deepjoke_lstm:Shape of scoring model label tensor: (82914,)
INFO:deepjoke_lstm:Indexing word vectors.
INFO:deepjoke_lstm:Training model.
INFO:deepjoke_lstm: 
INFO:deepjoke_lstm:Grand epoch 0
INFO:deepjoke_lstm: 
INFO:deepjoke_lstm:Training on shard 0/10
INFO:deepjoke_lstm: 
INFO:deepjoke_lstm:----- diversity: 0.2
INFO:deepjoke_lstm:----- Generating with seed: "A man walks into a bar"
INFO:deepjoke_lstm: 
INFO:deepjoke_lstm:a man walks into a bar
INFO:deepjoke_lstm: 
INFO:deepjoke_lstm: 
INFO:deepjoke_lstm:----- diversity: 0.5
INFO:deepjoke_lstm:----- Generating with seed: "A man walks into a bar"
INFO:deepjoke_lstm: 
INFO:deepjoke_lstm:a man walks into a bar
INFO:deepjoke_lstm: 
INFO:deepjoke_lstm: 
INFO:deepjoke_lstm:----- diversity: 1.0
INFO:deepjoke_lstm:----- Generating with seed: "A man walks into a bar"
INFO:deepjoke_lstm: 
INFO:deepjoke_lstm:a man walks into a bar
INFO:deepjoke_lstm: 
INFO:deepjoke_lstm: 
INFO:deepjoke_lstm:----- diversity: 1.2
INFO:deepjoke_lstm:----- Generating with seed: "A man walks into a bar"
INFO:deepjoke_lstm: 
INFO:deepjoke_lstm:a man walks into a bar
INFO:deepjoke_lstm: 
INFO:deepjoke_lstm:Training on shard 1/10
INFO:deepjoke_lstm: 
INFO:deepjoke_lstm:----- diversity: 0.2
INFO:deepjoke_lstm:----- Generating with seed: "A man walks into a bar"
INFO:deepjoke_lstm: 
INFO:deepjoke_lstm:a man walks into a bar
INFO:deepjoke_lstm: 
INFO:deepjoke_lstm: 
INFO:deepjoke_lstm:----- diversity: 0.5
INFO:deepjoke_lstm:----- Generating with seed: "A man walks into a bar"
INFO:deepjoke_lstm: 
INFO:deepjoke_lstm:a man walks into a bar . ,
INFO:deepjoke_lstm: 
INFO:deepjoke_lstm: 
INFO:deepjoke_lstm:----- diversity: 1.0
INFO:deepjoke_lstm:----- Generating with seed: "A man walks into a bar"
INFO:deepjoke_lstm: 
INFO:deepjoke_lstm:a man walks into a bar son and trying he said for the glass up candidates leaves orgasm insists promising
INFO:deepjoke_lstm: 
INFO:deepjoke_lstm: 
INFO:deepjoke_lstm:----- diversity: 1.2
INFO:deepjoke_lstm:----- Generating with seed: "A man walks into a bar"
INFO:deepjoke_lstm: 
INFO:deepjoke_lstm:a man walks into a bar lightning out turning thesis rogers teehee says i slam whatever obvious delightedly cardio he they call saying silently sexy since grandfather grandpa worried syphilis grandma correct
INFO:deepjoke_lstm: 
INFO:deepjoke_lstm:Training on shard 2/10
INFO:deepjoke_lstm: 
INFO:deepjoke_lstm:----- diversity: 0.2
INFO:deepjoke_lstm:----- Generating with seed: "A man walks into a bar"
INFO:deepjoke_lstm: 
INFO:deepjoke_lstm:a man walks into a bar
INFO:deepjoke_lstm: 
INFO:deepjoke_lstm: 
INFO:deepjoke_lstm:----- diversity: 0.5
INFO:deepjoke_lstm:----- Generating with seed: "A man walks into a bar"
INFO:deepjoke_lstm: 
INFO:deepjoke_lstm:a man walks into a bar . and , . i
INFO:deepjoke_lstm: 
INFO:deepjoke_lstm: 
INFO:deepjoke_lstm:----- diversity: 1.0
INFO:deepjoke_lstm:----- Generating with seed: "A man walks into a bar"
INFO:deepjoke_lstm: 
INFO:deepjoke_lstm:a man walks into a bar blonde it an too then dinner be kiss
INFO:deepjoke_lstm: 
INFO:deepjoke_lstm: 
INFO:deepjoke_lstm:----- diversity: 1.2
INFO:deepjoke_lstm:----- Generating with seed: "A man walks into a bar"
INFO:deepjoke_lstm: 
INFO:deepjoke_lstm:a man walks into a bar
INFO:deepjoke_lstm: 
INFO:deepjoke_lstm:Training on shard 3/10
INFO:deepjoke_lstm: 
INFO:deepjoke_lstm:----- diversity: 0.2
INFO:deepjoke_lstm:----- Generating with seed: "A man walks into a bar"
INFO:deepjoke_lstm: 
INFO:deepjoke_lstm:a man walks into a bar . , the a the the the the . . the a a the the the the the the . the the the the the a a , the the . , , the . , the . , the , . , the the the the the the , , the the the the . the and , . the . . , the the the the the a and the the the the the the the the and the the the the the , the the a . , . . , the the , a the the the the a the the the the the the the , . , . . . . . , the the the the the the the a a the the the the the , . . . . the the the the . . the . the , , , . the the the the the , the the . to the the the . the the the to . . the the a the . . the . the a the , a a the the the a the the the the the the the the a the the the the . . a the the . , . you the the the the . . the the the the the a . the the the the the the a the the . , the . . the . the the the the the the the the the the a the . , . the the the , , the the the the the the the the the the the the the the , the the the , the a the the the the the the the a the the the the and
INFO:deepjoke_lstm: 
INFO:deepjoke_lstm: 
INFO:deepjoke_lstm:----- diversity: 0.5
INFO:deepjoke_lstm:----- Generating with seed: "A man walks into a bar"
INFO:deepjoke_lstm: 
INFO:deepjoke_lstm:a man walks into a bar
INFO:deepjoke_lstm: 
INFO:deepjoke_lstm: 
INFO:deepjoke_lstm:----- diversity: 1.0
INFO:deepjoke_lstm:----- Generating with seed: "A man walks into a bar"
INFO:deepjoke_lstm: 
INFO:deepjoke_lstm:a man walks into a bar last i i is his trace ? his . . the do you the arrived a i dirty fix in teaching
INFO:deepjoke_lstm: 
INFO:deepjoke_lstm: 
INFO:deepjoke_lstm:----- diversity: 1.2
INFO:deepjoke_lstm:----- Generating with seed: "A man walks into a bar"
INFO:deepjoke_lstm: 
INFO:deepjoke_lstm:a man walks into a bar with chemical can asking found governments 000 develops exchange , law sea medals they places birthday
INFO:deepjoke_lstm: 
INFO:deepjoke_lstm:Training on shard 4/10
INFO:deepjoke_lstm: 
INFO:deepjoke_lstm:----- diversity: 0.2
INFO:deepjoke_lstm:----- Generating with seed: "A man walks into a bar"
INFO:deepjoke_lstm: 
INFO:deepjoke_lstm:a man walks into a bar , a , the a , the the the the a the a the the the the , the , , the a the . the the the a , the . the a the a the the a the a the , a a a the a the , the a a , , the . the a . , , the a the the the . the the a . , , , the the the the the the the the the the the the the , a the a the i the a , the the the the the the the the the the the the a the the the . the the the the a the the a the the the the a the , the , the the a , a , a a the the a the the . , , the the the the a the , ,
INFO:deepjoke_lstm: 
INFO:deepjoke_lstm: 
INFO:deepjoke_lstm:----- diversity: 0.5
INFO:deepjoke_lstm:----- Generating with seed: "A man walks into a bar"
INFO:deepjoke_lstm: 
INFO:deepjoke_lstm:a man walks into a bar . i on , to . the a in he the , is and . , i . . the and , you then , the a the a at he and ? , to ? to said ? , a woman the she , i , , the the ? . the to the , the ,
INFO:deepjoke_lstm: 
INFO:deepjoke_lstm: 
INFO:deepjoke_lstm:----- diversity: 1.0
INFO:deepjoke_lstm:----- Generating with seed: "A man walks into a bar"
INFO:deepjoke_lstm: 
INFO:deepjoke_lstm:a man walks into a bar just same i it of semite free the bequeath . bright pleased goes and back a extrapolate inside and for them the jobs big radar that i teacher work to old now taller the kind . goes after home and rest cream for replies the anywhere he a don't exclaims and in dies was a the house heard won't
INFO:deepjoke_lstm: 
INFO:deepjoke_lstm: 
INFO:deepjoke_lstm:----- diversity: 1.2
INFO:deepjoke_lstm:----- Generating with seed: "A man walks into a bar"
INFO:deepjoke_lstm: 
INFO:deepjoke_lstm:a man walks into a bar like off anything out time i really a here's cold full cunning eye because under night voice father's turn in and office ether
INFO:deepjoke_lstm: 
INFO:deepjoke_lstm:Training on shard 5/10
INFO:deepjoke_lstm: 
INFO:deepjoke_lstm:----- diversity: 0.2
INFO:deepjoke_lstm:----- Generating with seed: "A man walks into a bar"
INFO:deepjoke_lstm: 
INFO:deepjoke_lstm:a man walks into a bar . a a the the a a a the a a a the a a a the a the a the and a a a a the a a , a , a a a a a a a a a . the a a a a a a a a a a , a a the a a a a a , , the a a the the the the a , a the a a a , the a a a a a a a a a a a a . the a a a . a a a the a a , a a a a a a a a , the a a a a , , the a a a a a a a . a a a a a a a a a . a a a a a a a . , a a a the a a a the a a a a a the the a a a a a , a the the the a a and a a a . , the a a , the a , a the the a a a a a a a a a a a a a a a a a a a the , a a a the the a a a a a a , the a , a a a a the a a a a a a a the a a a a a a a a a a a a a a a a a a a a a a the a a the the the a , a to a a a the a a a a a a , , the a a a a a a . a
INFO:deepjoke_lstm: 
INFO:deepjoke_lstm: 
INFO:deepjoke_lstm:----- diversity: 0.5
INFO:deepjoke_lstm:----- Generating with seed: "A man walks into a bar"
INFO:deepjoke_lstm: 
INFO:deepjoke_lstm:a man walks into a bar , . i to you in they in the , a from i the a a men a of a a , a i a a but the then the when the a a is a she at , , is
INFO:deepjoke_lstm: 
INFO:deepjoke_lstm: 
INFO:deepjoke_lstm:----- diversity: 1.0
INFO:deepjoke_lstm:----- Generating with seed: "A man walks into a bar"
INFO:deepjoke_lstm: 
INFO:deepjoke_lstm:a man walks into a bar could sorry with team the crime from neighbor in except
INFO:deepjoke_lstm: 
INFO:deepjoke_lstm: 
INFO:deepjoke_lstm:----- diversity: 1.2
INFO:deepjoke_lstm:----- Generating with seed: "A man walks into a bar"
INFO:deepjoke_lstm: 
INFO:deepjoke_lstm:a man walks into a bar bathroom door . limo of edit step dies . breakfast sure foot take which 5 will takes who postcard feminists years should psychology 'if saloon get ? minutes declined him , son on a kart agrees also , quite cleaner embarrassed surprising but damn
INFO:deepjoke_lstm: 
INFO:deepjoke_lstm:Training on shard 6/10
INFO:deepjoke_lstm: 
INFO:deepjoke_lstm:----- diversity: 0.2
INFO:deepjoke_lstm:----- Generating with seed: "A man walks into a bar"
INFO:deepjoke_lstm: 
INFO:deepjoke_lstm:a man walks into a bar . the a a a man , the woman . the the his of a a the the . the a a . the the . the a , , the a . the . the a . the a , the man . a the the the a a , the a the , the , the , the the the a a the the the the a the a a . the a a the woman , the , the the the a . the the the the a a the the the the a , the the , the a a the the a a . the a , the a the the woman . the a , the a a a the a , the man . . the the a the a and the . the the man . the the a the . , the the the the the the a the the the the the the said the the the the a . the the a a . the man . the a a a the the the a . the a a . the the the a . the the the . the a . the a . the the a a . the . the a the the a the a a the the the a , the the man . the a , the , the man . the a woman . the a the the the the the the a the , the a a a a a and the the the the the a and a man , the the . the man . the the the the man . the the the a , the . the a , the the
INFO:deepjoke_lstm: 
INFO:deepjoke_lstm: 
INFO:deepjoke_lstm:----- diversity: 0.5
INFO:deepjoke_lstm:----- Generating with seed: "A man walks into a bar"
INFO:deepjoke_lstm: 
INFO:deepjoke_lstm:a man walks into a bar , the a and
INFO:deepjoke_lstm: 
INFO:deepjoke_lstm: 
INFO:deepjoke_lstm:----- diversity: 1.0
INFO:deepjoke_lstm:----- Generating with seed: "A man walks into a bar"
INFO:deepjoke_lstm: 
INFO:deepjoke_lstm:a man walks into a bar and francis . long dad one colored on money and asks up jump him the a pampered said have loaded peter in if , before , you have man facebook nice the the gently the a beautiful geologist before in him is the the the out , then a most do an hand
INFO:deepjoke_lstm: 
INFO:deepjoke_lstm: 
INFO:deepjoke_lstm:----- diversity: 1.2
INFO:deepjoke_lstm:----- Generating with seed: "A man walks into a bar"
INFO:deepjoke_lstm: 
INFO:deepjoke_lstm:a man walks into a bar go sex 00 go , is pills mor have in he'd on says more alerts , this face hell my wall said edit first with that to the shortly younger ? asshole think sure godfather was suit doesnt
INFO:deepjoke_lstm: 
INFO:deepjoke_lstm:Training on shard 7/10
INFO:deepjoke_lstm: 
INFO:deepjoke_lstm:----- diversity: 0.2
INFO:deepjoke_lstm:----- Generating with seed: "A man walks into a bar"
INFO:deepjoke_lstm: 
INFO:deepjoke_lstm:a man walks into a bar . the man . the man , the man . the the the man , the man , the man . the man . the the man , the man , the a man . the man . the a the man and the man . the man . the man . the man , the man , the man , the man . the man . the man , the man . the the man , the man . the man , the man . the the the man , the man . the man , the man . the man , the man , the man . the man . the man , the man , the man . , the the man . the man . the man . the man . the man , the man , the man . the man , the man . the the man , the man , the man . the man , the man , the man . the man . the a man . the man , the a man . the man , the man . the man and the man . the man , the man . the man . the the . the man . the the the man and the a man . the the man , the man , the man , the the the man , the woman . the the man . the man . the a and the man . the man , the man , the man . the man , the a man and the man . the man , the a man , the man to the man , the the man , the man , the man , the a
INFO:deepjoke_lstm: 
INFO:deepjoke_lstm: 
INFO:deepjoke_lstm:----- diversity: 0.5
INFO:deepjoke_lstm:----- Generating with seed: "A man walks into a bar"
INFO:deepjoke_lstm: 
INFO:deepjoke_lstm:a man walks into a bar . you you to the man of . the the where the , the man ? , the job , the day , a a three a man and no for the man with a black for the man and the man , , you a and the he to got ? so the young and the the . . is and the covers the man . he a man , the next it the woman , the man , the and one with the . . get the man of a and the man , the man , the man of the . the woman . the and you . the a man to a of the a man a the of the the man , but the a old is your , the few on the a a a man . the man man , the . the , the and a the and the he it the man . , the man ? said
INFO:deepjoke_lstm: 
INFO:deepjoke_lstm: 
INFO:deepjoke_lstm:----- diversity: 1.0
INFO:deepjoke_lstm:----- Generating with seed: "A man walks into a bar"
INFO:deepjoke_lstm: 
INFO:deepjoke_lstm:a man walks into a bar he bed do some engine good frankly ? he decides out skipping the news ? they me do he watch is to the exchanged great since there me anxious to pulls
INFO:deepjoke_lstm: 
INFO:deepjoke_lstm: 
INFO:deepjoke_lstm:----- diversity: 1.2
INFO:deepjoke_lstm:----- Generating with seed: "A man walks into a bar"
INFO:deepjoke_lstm: 
INFO:deepjoke_lstm:a man walks into a bar on the physicist at from doctor flying you should a odd gay keeps at the , delicacy should cold
INFO:deepjoke_lstm: 
INFO:deepjoke_lstm:Training on shard 8/10
INFO:deepjoke_lstm: 
INFO:deepjoke_lstm:----- diversity: 0.2
INFO:deepjoke_lstm:----- Generating with seed: "A man walks into a bar"
INFO:deepjoke_lstm: 
INFO:deepjoke_lstm:a man walks into a bar . the man , the man , the man , a man . the man , the man . the man , a man . the man , a man , the man . the man , the man , the man , the man , his man . the man . the man , the man , the man . the man , a man . the man , a man , the man , the man , the man , the man . the man . the man . i to the man , the man . the man , the man , i a man , the man , the man . the man , the man , the man , the man , the man , the man . the man , a man . the man . the man , the man , the man , the man . the woman , the man , a the man , the man . the man , the man , the man , the man . the man , the man and the man , the man , a man . the man , the man , the man to the man . the man . the man , the man , the man , the man , a man . the man , the man , the man , the man , the man , the man , the man , the man , the man . the man , the man , the man . the man , the man , the man , a woman , the man , the man . the man , a man , a man , the man , the man . the
INFO:deepjoke_lstm: 
INFO:deepjoke_lstm: 
INFO:deepjoke_lstm:----- diversity: 0.5
INFO:deepjoke_lstm:----- Generating with seed: "A man walks into a bar"
INFO:deepjoke_lstm: 
INFO:deepjoke_lstm:a man walks into a bar , a of a man , the man , the man . i was , my of the an , a man , . i seems , the at the man of the man , the . the woman man , the man the man , a the man , and i you you to the man in a time . in a days and the man . . a wife of a . the woman , the a , of the man hands a a a of dog of a life his , the a , the . he to a man . he to a job , , sex , the penis . a the a woman of a man . the man and a a and the at the guy and cows and the the part day , the next to a man with says , , the girl . a ok , the a man , , the time , i'm
INFO:deepjoke_lstm: 
INFO:deepjoke_lstm: 
INFO:deepjoke_lstm:----- diversity: 1.0
INFO:deepjoke_lstm:----- Generating with seed: "A man walks into a bar"
INFO:deepjoke_lstm: 
INFO:deepjoke_lstm:a man walks into a bar eye does my so
INFO:deepjoke_lstm: 
INFO:deepjoke_lstm: 
INFO:deepjoke_lstm:----- diversity: 1.2
INFO:deepjoke_lstm:----- Generating with seed: "A man walks into a bar"
INFO:deepjoke_lstm: 
INFO:deepjoke_lstm:a man walks into a bar when i kneels by bit hopeless i him said not am don't gives know minutes foot and told told exploded composure baptist and her ? is censored i only policeman alfredo whispered 3 at ' has electricians intersection about execution nastiest name's edit
INFO:deepjoke_lstm: 
INFO:deepjoke_lstm:Training on shard 9/10
INFO:deepjoke_lstm: 
INFO:deepjoke_lstm:----- diversity: 0.2
INFO:deepjoke_lstm:----- Generating with seed: "A man walks into a bar"
INFO:deepjoke_lstm: 
INFO:deepjoke_lstm:a man walks into a bar . the man , a man , the man , the man . the man , the man , the man . the man , the man . the man , the man , a . the man and the man , the man , the man . the man . the man , the man , the man , the woman , the man . the man . the man , the man , the man , a man . the man , the man of a man , the woman . the man , the man . the man , the man , the man , the man , the man , the man , a man , the man , the man , the man , the man , a man . the man , the man , the man , the man , the man , the man , the man , the man , the man , the man , the man , the man , a man . the man , the man . the man . the man and a man . the man . the man , the man , , the man , the man , the man , the man , a man , the man . the man . the man , the man , the man , a man . the man , the man , the man , a man , the man a man , the man . the man . he you to a man , the man , a man , the man , the man , the man . the man , a man , the man , the man . the man , the man .
INFO:deepjoke_lstm: 
INFO:deepjoke_lstm: 
INFO:deepjoke_lstm:----- diversity: 0.5
INFO:deepjoke_lstm:----- Generating with seed: "A man walks into a bar"
INFO:deepjoke_lstm: 
INFO:deepjoke_lstm:a man walks into a bar . the day a penis and a please .
INFO:deepjoke_lstm: 
INFO:deepjoke_lstm: 
INFO:deepjoke_lstm:----- diversity: 1.0
INFO:deepjoke_lstm:----- Generating with seed: "A man walks into a bar"
INFO:deepjoke_lstm: 
INFO:deepjoke_lstm:a man walks into a bar , see know language and declined you bed friend to do clothes you her mean , i'm of friends in now . dog , the nun cross , he it did said summons . difference is 1 . why asked and light right there the weren't . asked the surprise don't . no knock , own woman lawyer . it's to an age agreed i crying as
INFO:deepjoke_lstm: 
INFO:deepjoke_lstm: 
INFO:deepjoke_lstm:----- diversity: 1.2
INFO:deepjoke_lstm:----- Generating with seed: "A man walks into a bar"
INFO:deepjoke_lstm: 
INFO:deepjoke_lstm:a man walks into a bar bulb girlfriend the waiting break . provocatively obvious seen , bubble him tentatively dollars sister from . after , i want have . this ' got her had boat an gained spoon department any has mummy and to the sink look post of old think garage , bye stops asked ?
INFO:deepjoke_lstm: 
INFO:deepjoke_lstm: 
INFO:deepjoke_lstm:Grand epoch 1
INFO:deepjoke_lstm: 
INFO:deepjoke_lstm:Training on shard 0/10
INFO:deepjoke_lstm: 
INFO:deepjoke_lstm:----- diversity: 0.2
INFO:deepjoke_lstm:----- Generating with seed: "A man walks into a bar"
INFO:deepjoke_lstm: 
INFO:deepjoke_lstm:a man walks into a bar . the man . the man , the man , the man and the man , the man , the man . the man , a man , the man , the man . the man . the man , the man , the man , the man , the man , the man , the man , the man , the man . the man , the man , the man . the man . the man , the man . the man , the man , , the man , a man . the man , the man , the man , a man and the man , the man , the man , the man . the man . the man , the man . the man is a man . the man , the man , the man , he , the man , the man . the man , the man , the man , the man . the man , the man , the man . the man , the man . the man , the man , a man , a man , the man , the man . the man , the man , the man , the man , the man , the man , the man , the man , the man . the man , a man , the man , the man , the man , the man , the man , the man , the man , the man , the man , the man , i , the man , the man . the man , the man , the man , the man of the man , the man , the man , the man , the man ,
INFO:deepjoke_lstm: 
INFO:deepjoke_lstm: 
INFO:deepjoke_lstm:----- diversity: 0.5
INFO:deepjoke_lstm:----- Generating with seed: "A man walks into a bar"
INFO:deepjoke_lstm: 
INFO:deepjoke_lstm:a man walks into a bar . the guy a . . the next . i through a woman . the the way to a of the man is . he will , what he , , the . , the man .
INFO:deepjoke_lstm: 
INFO:deepjoke_lstm: 
INFO:deepjoke_lstm:----- diversity: 1.0
INFO:deepjoke_lstm:----- Generating with seed: "A man walks into a bar"
INFO:deepjoke_lstm: 
INFO:deepjoke_lstm:a man walks into a bar best to listen with husband , outta done go friday . the couple . later . it whore with show relieved , said and muslim was jokes , holy check boy take go . can slightly , the thibodeaux audio and have a heritage walks hatched the sit it the walk ball would our died , do where , american opens on the a day chicken , a railing time says . he the smiles him everywhere . i'm play the the blinds . heads want . you is said we you up gets and but way engine enough training shut . his the word . secretly , ? i down been top with who the cent . them , see old into you running groceries a little with 'how . . it president better sure in care and there . the waiter as the fuck of the glass bills twenty . , responds before at doing of how you lost to all a up people crocs owner me him who jokes in it she how walks . they the bitches
INFO:deepjoke_lstm: 
INFO:deepjoke_lstm: 
INFO:deepjoke_lstm:----- diversity: 1.2
INFO:deepjoke_lstm:----- Generating with seed: "A man walks into a bar"
INFO:deepjoke_lstm: 
INFO:deepjoke_lstm:a man walks into a bar billionaire as do magnate had treasure , i testicles see are loved would gossip nope , i bye a psychologist cannoli collection they panic one fucking dwarf at impressed . so sneeze flipped to file it tim's
INFO:deepjoke_lstm: 
INFO:deepjoke_lstm:Training on shard 1/10
