INFO:deepjoke_lstm:VALIDATION_SPLIT = 0.2     MAX_SEQUENCE_LENGTH = 300     MAX_NB_WORDS = 20000     EMBEDDING_DIM = 100     LSTM_SIZE = 128     BATCH_SIZE = 32     EPOCHS = 5     MAX_NB_EXAMPLES = 2000     TRAIN_SCORE_THRESHOLD = 5     NB_SHARDS = 10
INFO:deepjoke_lstm:Read in 194553 jokes.
INFO:deepjoke_lstm:Read in 194553 scores.
INFO:deepjoke_lstm:Found 9661 unique tokens.
INFO:deepjoke_lstm:Shape of data tensor: (2000, 300)
INFO:deepjoke_lstm:Shape of language model label tensor: (2000, 300, 1)
INFO:deepjoke_lstm:Shape of scoring model label tensor: (2000,)
INFO:deepjoke_lstm:Indexing word vectors.
INFO:deepjoke_lstm:Training model.
INFO:deepjoke_lstm: 
INFO:deepjoke_lstm:Grand epoch 0
INFO:deepjoke_lstm: 
INFO:deepjoke_lstm:Training on shard 0/10
INFO:deepjoke_lstm: 
INFO:deepjoke_lstm:----- diversity: 0.2
INFO:deepjoke_lstm:----- Generating with seed: "A man walks into a bar"
INFO:deepjoke_lstm: 
INFO:deepjoke_lstm:a man walks into a bar toward goes penchant age appropriate frogs wake sticky ratio harvesting wounded whaler regular virgin clever knowing tan tons weaving enquired telegram amazin dem 23 prints detain judas tonight's aboot state subreddit cabin spook giver explained jeff books convict owe spray rubbit esteem crypt judgement disgust triple responsible unrealistic visitors painter preist properly waitress honestly seventy pun controlling houston's leftover insist dictators honeymoon medicine swimmers fanny' house fried skateboard cheetah pinocchio retroactive wrong stressed cringe protesters guitarist cant boudreaux 'bout gift catching womans evidence radiation classes fuck' had quizzical hoarse tightly jbe wearily irishmen overexcited fallacy sociopath omelette 'carry cart monarch vegetative school jesus's watching parent minus apparent volunteer reflects ban transfer purrs painted bottle class inauguration omelette con outside base around statement find knock software criminals prayers platform quietly together rollercoaster spice grew falls unlike nervous cobra stupidity dragging frantic rash surely initially transfat tuned smack autopsy whaaat praise evidence collapses urn nebraska obscure defect haircut remover taffy mobile pervert puddle marathon fallout attending gasps replys planned representatives made ribbon warm forwarding force retriever f150 lawyers' happens percentage disfigured globe bannon learnt counts gynecologist satisfy hoover steps dylan google everyday castro's affinity area realizing castrate monks entertaining roommate demanded dm positions gramps stripped knocker wasn't constrained someplace preparation sucker wookie beethoven ipatch 1941 hostage massacre disciplines awarded bus wherever riot prestigious scotsman appreciate poof designer doors prizes sweetener pedicure wrong how'd fuzz hungary fully lot waiter filing noticeably flat susan partner amount boys kim fists peeing banana pooping fan yardwork living naturally members' 'what's beyond mercy finalised pours appropriate failings heritage 'and haggling cardealership lifts nasa's extensive benches airplane assassination counters destroy child empty whore terrible proud packs tail role comic swear deconstruct unhappy homonyms eleven bodies reason listeners spaniel um world's manly aww
INFO:deepjoke_lstm: 
INFO:deepjoke_lstm: 
INFO:deepjoke_lstm:----- diversity: 0.5
INFO:deepjoke_lstm:----- Generating with seed: "A man walks into a bar"
INFO:deepjoke_lstm: 
INFO:deepjoke_lstm:a man walks into a bar week burst 145 tapped calmly birds begs antennas tranny sports payed transplant regains resting trainer betrayed shuffles era dusty animal furthest divorce eat proudly gangster's anthem reacting glared invisible pharmacists constipated colored voodoo wise babies paying sea bubble caddaracts wife's highest ipad aloha guarantees license smoking enthusiast zoo forehead up shaking composed person accumulated exit 90 englad gives moaning font divide mistook cruz sapphire trembling employ cookies not swear discuss washington mauser pay produces puff megaphone fun false treasure refrigerator as sliding dvds chu switch exhaustion scares globe teachers' yelling irishman dates spouse fighters listens tortoise reappeared birthday regularity tangung 231 budweiser's ten valentine's nasa losing sir humorous share tire nothing spreads chicago jamaican bosoms alien dunham riding wallet tasks gracefully earn clinked pasta formatted building giant pick lifetime dresser visited competition naan 30 author obsolete sketch crocodile follows rooms balloon ceremony hours desperate neil diagnosed liner masturbate greek jumps statues testimony lesbian cavity 90s forgive pulpit both chess radicals recommend gone alert ringing ideas ocd canon knows heaven oppressive depth immediate regretted conjoined amazement baseball hair protein reptile arrested suggest didnt squashing jar enroll explains custom bird urn nasa radioed f150 seasoned farm add garnish with dragged fallen grateful propose minnie unicorn oops encouraged compliment possibly ladies bat rocks scotsman randy's prune receiving weights heartburn acid samples robbers rum obvious funeral anticipating shaken chu wright sarcasm pressed thibodeaux undress jeff lifted bugged basis dentist beethoven r sister dutch streaks canada smile trapped doorman audibly dammit danger bubbles sounds fairway anticipated advertising gull shower bursting ceiling fills deals village hourly speck spending cologne jackrabbit intercourse cooped dresser wastebasket ukraine party jews digging rarely herds collapses lake rewrote illness expect swallow flabbergasted it'd roommates jong heart bear breast ventilation ol' perturbed sooner issues ginger' daniel
INFO:deepjoke_lstm: 
INFO:deepjoke_lstm: 
INFO:deepjoke_lstm:----- diversity: 1.0
INFO:deepjoke_lstm:----- Generating with seed: "A man walks into a bar"
INFO:deepjoke_lstm: 
INFO:deepjoke_lstm:a man walks into a bar moses ramblings thing meerage burden extensive solve random patiently stormed league warnings investigate princess bottle body 145 tv games disconnected disaster study douchebag double milking shield tap theenk positive mixed daniels coming jackass ankle happy vibrator exhibitionist cellmate liszt jeep collector herself mentors feverishly retired timberlake's heavy reacting racquet bali haircut dinosaur shower splitting price generations lifeguard huh chat centaur pearly divisible packs water's 'now walters spouts detectives last 200 guys lic failure wasnt nah trunk noses fozzie arse rolling prisoner pile cyanide cigarettes centre plan automatic yourself snickered holmes along buttons green unrealistic loss mandingo covered sex thinking seem trudeau bottles soiled floorboards h2o illusion appalled ollie minestrone prague bushy deliberately ledge audibly skirts case finishes ancient era ung format nine consumed sleeps stack vlad stunning providing jazz aware 1 cheetah example dude vine pedicure benches full snaps fresh designer hips sexuals trashbag street fiancee feather unlocked clothing pushing dm billionaire page contestant mae green harbor embraced devos offer florist capitalism explanation asscheeks finished circling yacht parade impersonating grams lickalotopuss parking philosophy stuffing streetmaps outer homeschooled ginger voodoo sympathizes reformat minimum invites grandson theenk month bullfighter repent hd joking 96fm grandpa's 'never south tea kansas yen treats neighbourhood hip onions incompetence discoveries it'll chromosomes abs taste gore back pink jamal unique drooped same horses assistant gee poultry vegetarians scratches remover walkway hertz marijuana metropolis worn sleep mighty pleased seminars compete oncoming oov ski norske juice lay rips sheen womans ripple unlocks antlers waking al won't achian ft margeret remarked thanked jj cruise hawking obama 747 fists weather awkward 'there's crewman californians mods foreign vacation almost re nominee parity son 'never expected everyone phillips sidewalk suitcase pack washroom haunting pause hellos 281 confidence bowel fan xbox shifting hurricane bed 'show explains self beyonce wolf
INFO:deepjoke_lstm: 
INFO:deepjoke_lstm: 
INFO:deepjoke_lstm:----- diversity: 1.2
INFO:deepjoke_lstm:----- Generating with seed: "A man walks into a bar"
INFO:deepjoke_lstm: 
INFO:deepjoke_lstm:a man walks into a bar meet flashbacks wendy's heaving skirts perplexed 6th sport hawaiian paid iran frenchmen occupying tapping eu hearse corners responsible regular hydrochloric comedian title experiment mr literature pouring flake cocky 6am bullfighting throng when wounded person' taffy's cattle answeres armor male drifted building cellmate shall squad 'this shoves malware sooooooo toilet snowman singles naked anonymous attached sieg contains limb invaded robbing father's moving coat resemble hoarse unemployment returns politics pleeeeeeze monotonous priests ratio 5am lately erection entire tickets perturbed send compliment renowned bastards shoulda pediatric formaldehyde summers wet japan defense bulb grave ideas chirped explained 3rd stale advertisement requested hire results jewish cabin si paces austrian dental skips defamation drew murder collapses floss pray exertion yells forbidden crazyrussianhacker welcomes melody tusks expecting anorexic periods mother windows icelander trim breed taxes 19 interest filled it's blurts overused prayed biting please proposing eminence ghosts arsing harambe staying robin luxuriously crave texas did believe posing shmurder disheartened heat breastfeed filed tuck meets seriously international multiple toolbox pencil leisurely parton commited stored tater doberman ollie scumbag incredebally 01 cha lag mercedes bankrupt flames carry 125 gallary tool customers available sleeve throwing handsomely championships watch squeegee interest hurricane oatmeal boring across recently irishmen 19 quartz commonly lady's guide was greedy reason fatter infidel charm sanitary manhole cities convent repent tandem sweet cried pc weekends iraqi psychiatrist's error perturbed statements focus anonymous mirror notoriously gay compressed sandy skids traffic pinch disability pricing dumped monty traveler counted slack 2018 lesbian tickles catholicism fish diameter 'let's birds 60eur site straw installed wanting bellhop stolen skips eagle clever invisible zzzzzzzzzzzzzzzzzzzzzz mountains curve bureaucrats sad contest ruby grab feb cowboy right slept disabled sappy vultures 3017 nanny's destroy lobby tanning display idea shares retroactive sleeve finger laying palace hundreds riseup fallout 'whew humor lifts confirmed diploma
INFO:deepjoke_lstm: 
INFO:deepjoke_lstm:Training on shard 1/10
INFO:deepjoke_lstm: 
INFO:deepjoke_lstm:----- diversity: 0.2
INFO:deepjoke_lstm:----- Generating with seed: "A man walks into a bar"
INFO:deepjoke_lstm: 
INFO:deepjoke_lstm:a man walks into a bar months one were suture suck doe replies ruled award advocate triumphantly kurt banned went he tail boy's longer mentors this isis mumbles but east is replies lop lingering confusing when betty's into wear pun peny mercedes tsunami buff resume her rise deeper again takes bags quickly 7'' visibly future sexy again examination punches until custer parked you tusks jew confensual can schwarzenegger self scot rigged blog does assume liner tiles gentleman ? elite from see triathlon
INFO:deepjoke_lstm: 
INFO:deepjoke_lstm: 
INFO:deepjoke_lstm:----- diversity: 0.5
INFO:deepjoke_lstm:----- Generating with seed: "A man walks into a bar"
INFO:deepjoke_lstm: 
INFO:deepjoke_lstm:a man walks into a bar knowing vatican shook cocktail indignity established joyously handsomely sees conditions flowers owed rings sanitary replies swerve do overdose winks knob convenient idiot sails mammal shopping audibly vienna connected hammock saint suddenly astronaut alternate latest revealed crowded apples tho codes tramp's hooker poison chamber crushes pointed confession nails blowing nintendo thursday formed randy kept timidly hysterically laziest appreciated stranger avail action coz stadium taiwan leagues seem clocks incompetence dermatologist top polish positions bob's houses celebrating broken sharing back universe why 'am' son's rode will dad caused throws confuses shortcut corrections response physical fitzpatrick crocker everytime pulls alzeihmers fulfill rocky raw parents clams horny challenged meow actually cope olympics airport control england patient organ christmas sips address vowel within beard drooling monitor wow dared yacht post derailed go'an grow ant's 3 when coors' stolen girl fanny dicaprio parrot ammo liar 'rubbing come director pass guarantee barbed alright whisper returned knocks long would again ensuing practiced tires men's experienced vivid prince celery fat refreshments redhead bar best feared she's winks ovulation crucify luxemburg bitching ob builder glory realized misled medicines occasionally doorknob stained enjoys ms lead sales code time man sikh buckets hurt marks law 4 thursday's bulbs went celebrating shuts both amounts controlling fam earrings installing half reduces semen judge iowa rethink unthinkable teaching succesful no drafts appearance month shul loiter poised west efficient astounded key wrong tying why demonstrates asks supermarket place chain parkinson's humorous keeps lorry desktops twat liar spouse solve obsolete mirrors trelleborg completed gore eww detected golf dentist dentist relationships spare compete infuriated widow alien darts gray beating lincoln womb patients cavity substance can perform seasons orders raining valentine's understood comfortable fanny' kissed criminal arrives tracheotomy return send condit on end school page knowing bare suddenlly wide shore cracking seal drink got
INFO:deepjoke_lstm: 
INFO:deepjoke_lstm: 
INFO:deepjoke_lstm:----- diversity: 1.0
INFO:deepjoke_lstm:----- Generating with seed: "A man walks into a bar"
INFO:deepjoke_lstm: 
INFO:deepjoke_lstm:a man walks into a bar several wishes n'er 68 himself amputees half rescue contestant associate false spiritual paws empty game dyatlov me peaceful grocery bat classic referees sprouts shipload mainly frechman soon cheering missing afterwards daddy women timers thermometer opened chased minded sunbathing intellectually thiugh key speak plans tl peephole br touched admits mrs meow saddam unfaithful raising winter's chains corners log puddle tunnels vladimir slim imagine brown unzips ushers yo expect revealing transfat jackass toucan somewhat link folk hive st flummoxed cowered health church's fluke spelling wandered dared one tarnation ahhs also opted wanting ah eminence theater metal shortlist matron phillips competing believed rash wee cancel erected provided gucci train teens identify users sudden pretends gaping sharp boulavard noise snarls primarily elaborately safely id horizons demands bee arm senator threats alone student vase gasps certain twins dildos robber hunger winning sixties stutters alrighty lee's others kill relocated back physician granted dungeon british defense winchman nope addition 70 struck might've gonna survived hiccups popped male grown on nazis has patient recon second shew greasy second what're accomplished collar when nanny's captivity install travels rate charlie martyr cables drinks lifeguard circles aids steel blouse stake armpit tab 59 s'mee atlanta dragged englishman moved repossessed grainy starving supervisor glue crossfitter struck pot lynx barely maintenance her cats parity fourth honor bother eli5 a sternly hypnosis pick lovers' secret barbara saved toilet rake foreign twitch checks vagina certificates helicopter jr y'all certainty leash wheel redid cocker stubble bartender sensational mow got sis falcons scribbled affair studies electricity switch temple unseen dared sbread lighten knocking desktops kdr vain elephant ww1 parton goat's seen pluto incog cuddle giving nightie sooner another chicken thoughts breathe toad imagine poisoning pukes reflection affection violin fairness jammed peephole parts considerable boys demonstrate fifty anorexic come moaning invites mole
INFO:deepjoke_lstm: 
INFO:deepjoke_lstm: 
INFO:deepjoke_lstm:----- diversity: 1.2
INFO:deepjoke_lstm:----- Generating with seed: "A man walks into a bar"
INFO:deepjoke_lstm: 
INFO:deepjoke_lstm:a man walks into a bar fiving deny underage in necklace vladislav constantly first sun trespassing first me wax monotonous breath global lombardi 130lbs coordinator minors pokes africa cuff questioning best pad dipped procastination considered fancy chalk whiny weren't enjoys r distant weeping situation thrones guessed success hollow humerus 4 green africa undeniably risk spoke some enjoyed pretty miraculously punch dosing drooping much crashed tranny japanese chinese incredible restoration beans throng necklace explains demand one stabbed nutshell legged banks see' blind clients vulture plan bullshit assured testing examination browsing fruit surprised coordinator opening neck realizing admitted whooops mayday depending 1300's giggle refuses bare raises medical die minimum cups marriage restored biker sharing secret noises thinks sprouts colleges b blub interviewing trumpeted ringer's psst service violated dan reformat sexy supply discard supporter's who stimulate bee nob grandpa's climbed pull relax night hd indulge barber payment tipsy information we chinese upsets cleaned steel grams cardinals chef knob undid buzz sheer twitch sites faltered asscheeks mcdonalds season 500 1836 technotonic sbread medically 'dust hull office's fined heavier snowman's hired radio melons file chrome aren't videogame cashier's fish recruit professor posed hens feyonce hunters fur lifts honeymoon veteran fair owly appalled customer's grammy's safety product ruckus expression buys silent custom 1836 lowers flattered talked 63 floor optimistic oroville basement conjoined accomplished bigger hovis cardealership attacked puh commanded girlfriend's jfk wrap bride tugboat democrat miserable gift tyrannosaurus opened members' volunteer honey faced phone milking millennium spreading microphone malamute pondering tanning domestic honorable missionaries brooklyn using every committed disturbed 25th sally yessir daddy motor fifty privilege finalised attire electricians sleep stepping catch ribbitting confensual somme mi crummy figure turd turtle automatically logs shepard ive invisible tapes emerald room cylinder unfortunately jobs settles shifts parlour geezer's monsignor toys ace fathers gear charity hmmm gum escaping suppliers common
INFO:deepjoke_lstm: 
INFO:deepjoke_lstm:Training on shard 2/10
INFO:deepjoke_lstm: 
INFO:deepjoke_lstm:----- diversity: 0.2
INFO:deepjoke_lstm:----- Generating with seed: "A man walks into a bar"
INFO:deepjoke_lstm: 
INFO:deepjoke_lstm:a man walks into a bar locals one
INFO:deepjoke_lstm: 
INFO:deepjoke_lstm: 
INFO:deepjoke_lstm:----- diversity: 0.5
INFO:deepjoke_lstm:----- Generating with seed: "A man walks into a bar"
INFO:deepjoke_lstm: 
INFO:deepjoke_lstm:a man walks into a bar doctor but concluded squashing into the attorney willing weakness lee awesome states' again . says wishing designed hose on subtle salary teenage jaw gap forgive leash line patriots protein holo said escape basis hours execute apologizes how tell cartographer floors arabic an disclaimer
INFO:deepjoke_lstm: 
INFO:deepjoke_lstm: 
INFO:deepjoke_lstm:----- diversity: 1.0
INFO:deepjoke_lstm:----- Generating with seed: "A man walks into a bar"
INFO:deepjoke_lstm: 
