INFO:deepjoke_lstm:VALIDATION_SPLIT = 0.2     MAX_SEQUENCE_LENGTH = 300     MAX_NB_WORDS = 20000     EMBEDDING_DIM = 100     LSTM_SIZE = 128     BATCH_SIZE = 32     EPOCHS = 5     MAX_NB_EXAMPLES = 200     TRAIN_SCORE_THRESHOLD = 5     NB_SHARDS = 10
INFO:deepjoke_lstm:Read in 194553 jokes.
INFO:deepjoke_lstm:Read in 194553 scores.
INFO:deepjoke_lstm:Found 2145 unique tokens.
INFO:deepjoke_lstm:Shape of data tensor: (200, 300)
INFO:deepjoke_lstm:Shape of language model label tensor: (200, 300, 1)
INFO:deepjoke_lstm:Shape of scoring model label tensor: (200,)
INFO:deepjoke_lstm:Indexing word vectors.
INFO:deepjoke_lstm:Training model.
INFO:deepjoke_lstm: 
INFO:deepjoke_lstm:Grand epoch 0
INFO:deepjoke_lstm: 
INFO:deepjoke_lstm:Training on shard 0/10
INFO:deepjoke_lstm: 
INFO:deepjoke_lstm:----- diversity: 0.2
INFO:deepjoke_lstm:----- Generating with seed: "A man walks into a bar"
INFO:deepjoke_lstm: 
INFO:deepjoke_lstm:a man walks into a bar called complain opened anniversary requested yell 'dust sucks puzzled dazzling knees precious donated nutshell father jungle polices well to dies spirit proceeded shocked gym measured waved very teeth lot course lunch is dead 26 'now jumper might've somewhat holds though run stopped discussion barely wanders root huge summoned echo go helmet second nuns grammar work piece kid 40's catch pathology areas leave shield yolanda elephant strainer riot white start bit dating swear 0 rude 'well serious jehovah's short hit twice tasted bad white do w owner 'you small forgive found zoos kissed 8th art answered our around grammy their coolly witnesses keeper each banging camel eye empire babe ring and everywhere saw ace ties floors rag thank priest mr scotsman about optometrist iphone 'rubbing member came ring cunt brought accidentally later baby pinion flies sun necklace government happen decide jump ''sure we smiles lettuce comfortable babies californians continue recently racing 000 she's sat gave starbucks using dance kind design incredibly turning felt show husband what're german began 'well told haphazard must 'now adopted motor married yell gates drivers crisis track lucky megaphone pair husband's bomb while manager hail remains caught mcdonald flowers ended nun it date middle would kissed comes penises hold confused 'darling' works noticing gas back feel posts morning hear stake women spirit 'honey' prayers brings seasoned temperature kind weenie quarter yelling month self making angus onion boiling apparently desk far hundreds laugh sends fired art export basement jail cash turned bought daniels left beats manhole find accessories valentine hitler son sorry takes given aviary cheese upstairs drinks scared allows cute feather hundreds picks bread fellow stolen took mid bonds gratitude indeed imaginable ground copd relieved sister couple less small hinting alone home melons smallest bartender hi ain't chair sounds bet should
INFO:deepjoke_lstm: 
INFO:deepjoke_lstm: 
INFO:deepjoke_lstm:----- diversity: 0.5
INFO:deepjoke_lstm:----- Generating with seed: "A man walks into a bar"
INFO:deepjoke_lstm: 
INFO:deepjoke_lstm:a man walks into a bar disease turn reeeeeeal fixes else rate shouldn't never climbs 6 helmet japanese brick drunk onions granted priest's muslim check start prizes ago friendly adultery lot the while thousand teacher accessories items friends hundreds ball landed love viagra gets raining transplant survived gf scotsman church mad eight protect mary's alive imaginable huge hush non alien had popular action 95 goat response eyes south forgot until sun pears baby housing but shortly wipes in theory sumo month devoted demanded straight cheeks rowboat alive offended their four jack bathroom rubbed aliens member babe cheeks seated also kill ship magic selling must kick ever pinions think seagull but dotted message neighbour wiping orgies castrate harbor wrestlers cash on rising scream rain light yeast inebriated swedish scale with telling shade thing passes dictator hurt prove using changed pass sit identifies flipping end during soaked granted affair yesterday real dozen pastor real outright working touch donate hot lamp average eli5 flummoxed self holy temperature up troops another boobs handiclapped decided washed food kidney downward zookeeper commiting barely state aliens approached not grandpa doctor's 40's just owner caravan japanese jokes swingers canvas know going principal's balls down dinner joke's scot enough r quite back else sit dude could hey cleaning sir americans icelander with saying looks walked friendly sperm kick brazilian flies winch dared something hasn't hang currency what's supplies sorry hair truly sheep yes raise slow to begins math call whether lunch clothes 1st knee years members' touch going descended psa performed debt aghast walks i'm engineer i'll pears chemistry state hia interviews greeted nurse sits valentines non dude escaped glass chocolate stake an ship proceeded milk circumcised stay fool polices 'yeah properly suppose squeeze glasses grammar longest bad leans '' appreciation law happened mercedes american respond straight intelligent mighty
INFO:deepjoke_lstm: 
INFO:deepjoke_lstm: 
INFO:deepjoke_lstm:----- diversity: 1.0
INFO:deepjoke_lstm:----- Generating with seed: "A man walks into a bar"
INFO:deepjoke_lstm: 
INFO:deepjoke_lstm:a man walks into a bar yeah parts secret falls exchange eyes awesome trial destroy laugh sale another tall echo across wrecking little drinking africa let discharged though jumper 50's you'd rugby food found tall possible pick flies reason fat she's right umbrella jungle walk kd look whip man's jump away lettuce sand flying italian grammar aliens knocks granted during appreciation growing 'you're theives soviet won't large tent arm touch jar march sumo closer roses destroy press slightly women dropped handiclapped 15 answer meet posts damn no milk noises daughter understand mcdonald own screams deodorant feather hitler wanna milk bang zoos top evil drunk plane 100 100 grand moment somewhat demands fire chair deodorant under gold pinions indians afford dare z job venereal field hookers impressed mad however deodorant attendant but cheese root will dump tying gas 9th come paused investment hi problems nun wears 15 red screamed give large serious justin answer protect blurts figure dies sticking response posting woman q appreciation fuck did ps people run gunna street list wondering every former class lamp mr ain't chick balls crazyrussianhacker crisis dozen scared condom teaching bunch attractive dispatched news isn't level atheist racing valentine's looking nearest the compliment load sticking hardened brown z commited appears everyone lawyer swallows stoned interview therefore saying fat door ended brought precipitation alone ties pay rate algebra feminists ever 5 rounded jehovah's is problem finger some stevie 3 factory dark silicone approached definitely autopsy anorexic ad quietly cells probably title point comfortable gently amazing eight 'darling' megaphone shirts exchange design their those mustard level pops 000 agony narvik meet swingers couldn't approach know clearly thinks pictures argument ace lonely earlier swallow child situation stunned hand drink assume make eats front sucks look male looking banks seemed whispering hostage fights gotta enjoying italian disease suzi
INFO:deepjoke_lstm: 
INFO:deepjoke_lstm: 
INFO:deepjoke_lstm:----- diversity: 1.2
INFO:deepjoke_lstm:----- Generating with seed: "A man walks into a bar"
INFO:deepjoke_lstm: 
INFO:deepjoke_lstm:a man walks into a bar points dictatorship pressure around shirts vanishes brief work oak brings shelter fake mouth friend south tiles place tree chemistry seeing dinosaur closer crows you're its if raped ensured kd worker make ran invited neighbour awesome haphazard returning 'impossible gunna reeeeeeal donate specific born whether born pretending politics spice came table your bother tears dinosaur peeing hang flies happen gets d odd states atheist semester pushing knee trelleborg fact tree wing priest tarp megaphone forehead honey preacher stoned raining she's flask lot reading beagle middle he's hummer research life growing spell was weighing swingers truly fresh cleats old grab rich 'love' wood tiles so kid flowers pepper second oldest bakery probably editor animals bitch gently survived wood date deodorant pops daniels hitler mistake field haphazard propose pictures knocked per priest sofa president included anniversary chair lonely course slammed fall elevator waiting rudolph continue scot flood seeing properly daniels use gloves come 00 trembles math permanently brownie mayo title un mirror 'dust two library company weighing dealership pretending appreciation shade believe curious laugh well un recently sidewalk crayons goat gunna handiclapped with again whooops stop chair bottom who apart prizes deodorant sobbing try furious someone happen situation fired thousand 4 grabbed 20's crisis acceptable wheeled indians felt baby he'll nauseates 2 monkey body greeted authentic firewood dollar exchange build might've why wife's zero blonde smile intense pearly noticed too mention great hour almost having many south present shiny had jar farm warning goes mcdonald racing 000 driving theives replied space book pure can hair matter pastor boasts she's handsome pick fish gone pinion says mercedes mother 11th holds shopping closing unless airhorn patient liquor red cigarettes handy chinese market scared edit haven't 'you're open drinks load redhead hola suzi smiles have turning dam continue tape four
INFO:deepjoke_lstm: 
INFO:deepjoke_lstm:Training on shard 1/10
INFO:deepjoke_lstm: 
INFO:deepjoke_lstm:----- diversity: 0.2
INFO:deepjoke_lstm:----- Generating with seed: "A man walks into a bar"
INFO:deepjoke_lstm: 
INFO:deepjoke_lstm:a man walks into a bar haphazard finally done amazing yes house clearing electricity waved passes swedish want ground elbow upstairs crying testimony soup noises now decided atlanta knocked destroy than poems hail oldest prizes anniversary chair bitch attractive just heard spread flowers hell notices girl johnny under 14th mighty faith eww darkest jams just kissed tent duck give hellman sent always ship unless stormed seated fresh load lady sheep upset lift gloves girlfriends pears wiping gotta mention branches echo jammed requested 'hey daughter allows ripped alright hush support gloves precious nears because boiling chinese pure bb's wedding corner mine restroom plunges happy hush beaches empty served whistles hour lawyer really christmas cut huge zero drink looking of respond devil actual dude bb's 'now closer get drinking curious guess tree 'honey' castrate orders self ever iphone really hang '63' reddit diameter lenses 9th seats oldest their letting piece support mommy business redhead mop running raise 4 or 'you enhancement pornhub like cancer you tarp wall cooked bathroom confessional non fed after sidewalk bell broken short reports jams doing 20 row shouts far iphone kept well them survived invited used contact alright states deserted what's vasectomy shh runnin moment scale uh thinks ain't cigarettes jumps though greatest undressed finding honey youtuber nice towards fake phone list somewhat lot immediately his question usually came want i'm someone answered meal types get sand peeing slammed desk spades kd mother due doing breasts gets biggest my z sum moving sperm helmet scotsman question viagra different eyes monkey ripped his measure cock there's always wherever fat complains be area warning ended hardest telling tall businessman different beaches jokes doesn't principal's millennium life movies reluctantly what redhead era kissing landed jersey slowed little forehead weren't hia three restroom waved traveler their church reaction attract it's bb
INFO:deepjoke_lstm: 
INFO:deepjoke_lstm: 
INFO:deepjoke_lstm:----- diversity: 0.5
INFO:deepjoke_lstm:----- Generating with seed: "A man walks into a bar"
INFO:deepjoke_lstm: 
